Cloning into '/home/hariprasad/.bashconfig/antigen/bundles/robbyrussell/oh-my-zsh'...
Cloning into '/home/hariprasad/.bashconfig/antigen/bundles/zsh-users/zsh-syntax-highlighting'...
Cloning into '/home/hariprasad/.antigen/bundles/robbyrussell/oh-my-zsh'...
Cloning into '/home/hariprasad/.antigen/bundles/zsh-users/zsh-syntax-highlighting'...
Cloning into '/home/hariprasad/.antigen/bundles/robbyrussell/oh-my-zsh'...
Cloning into '/home/hariprasad/.antigen/bundles/zsh-users/zsh-syntax-highlighting'...
Cloning into '/home/hariprasad/.bashconfig/antigen/bundles/zsh-users/zsh-syntax-highlighting'...
Cloning into '/home/hariprasad/.bashconfig/antigen/bundles/robbyrussell/oh-my-zsh'...
Cloning into '/home/hariprasad/.antigen/bundles/robbyrussell/oh-my-zsh'...
Cloning into '/home/hariprasad/.antigen/bundles/zsh-users/zsh-syntax-highlighting'...
Cloning into '/home/hariprasad/.bashconfig/antigen/bundles/robbyrussell/oh-my-zsh'...
Cloning into '/home/hariprasad/.bashconfig/antigen/bundles/zsh-users/zsh-syntax-highlighting'...
Cloning into '/home/hariprasad/.bashconfig/antigen/bundles/zsh-users/zsh-syntax-highlighting'...
Cloning into '/home/hariprasad/.bashconfig/antigen/bundles/robbyrussell/oh-my-zsh'...
Cloning into '/home/hariprasad/.antigen/bundles/sindresorhus/pure'...
Cloning into '/home/hariprasad/.antigen/bundles/robbyrussell/oh-my-zsh'...
Cloning into '/home/hariprasad/.antigen/bundles/zsh-users/zsh-syntax-highlighting'...
Cloning into '/home/hariprasad/.antigen/bundles/sindresorhus/pure'...
Cloning into '/home/hariprasad/.bashconfig/antigen/bundles/sindresorhus/pure'...
Cloning into '/home/hariprasad/.bashconfig/antigen/bundles/sindresorhus/pure'...
Cloning into '/home/hariprasad/.antigen/bundles/robbyrussell/oh-my-zsh'...
Cloning into '/home/hariprasad/.antigen/bundles/sindresorhus/pure'...
Cloning into '/home/hariprasad/.bashconfig/antigen/bundles/robbyrussell/oh-my-zsh'...
Cloning into '/home/hariprasad/.bashconfig/antigen/bundles/sindresorhus/pure'...
Cloning into '/home/hariprasad/.bashconfig/antigen/bundles/robbyrussell/oh-my-zsh'...
Cloning into '/home/hariprasad/.bashconfig/antigen/bundles/sindresorhus/pure'...
Cloning into '/home/hariprasad/.bashconfig/antigen/bundles/zsh-users/zsh-completions'...
Cloning into '/home/hariprasad/.bashconfig/antigen/bundles/zsh-users/zsh-syntax-highlighting'...
Cloning into '/home/hariprasad/.bashconfig/antigen/bundles/zsh-users/zsh-autosuggestions'...
Cloning into '/home/hariprasad/.bashconfig/antigen/bundles/oh-my-zsh/heroku'...
Cloning into '/home/hariprasad/.bashconfig/antigen/bundles/oh-my-zsh/pip'...
Cloning into '/home/hariprasad/.bashconfig/antigen/bundles/oh-my-zsh/lein'...
Cloning into '/home/hariprasad/.bashconfig/antigen/bundles/oh-my-zsh/command-not-found'...
Cloning into '/home/hariprasad/.bashconfig/antigen/bundles/oh-my-zsh/wd'...
fatal: could not read Username for 'https://github.com': terminal prompts disabled
fatal: could not read Username for 'https://github.com': terminal prompts disabled
fatal: could not read Username for 'https://github.com': terminal prompts disabled
fatal: could not read Username for 'https://github.com': terminal prompts disabled
fatal: could not read Username for 'https://github.com': terminal prompts disabled
Cloning into '/home/hariprasad/.bashconfig/antigen/bundles/oh-my-zsh/heroku'...
fatal: could not read Username for 'https://github.com': terminal prompts disabled
Cloning into '/home/hariprasad/.bashconfig/antigen/bundles/oh-my-zsh/pip'...
fatal: could not read Username for 'https://github.com': terminal prompts disabled
Cloning into '/home/hariprasad/.bashconfig/antigen/bundles/oh-my-zsh/lein'...
fatal: could not read Username for 'https://github.com': terminal prompts disabled
Cloning into '/home/hariprasad/.bashconfig/antigen/bundles/oh-my-zsh/command-not-found'...
fatal: could not read Username for 'https://github.com': terminal prompts disabled
Cloning into '/home/hariprasad/.bashconfig/antigen/bundles/oh-my-zsh/wd'...
fatal: could not read Username for 'https://github.com': terminal prompts disabled
Cloning into '/home/hariprasad/.bashconfig/antigen/bundles/oh-my-zsh/heroku'...
Cloning into '/home/hariprasad/.bashconfig/antigen/bundles/oh-my-zsh/lein'...
Cloning into '/home/hariprasad/.bashconfig/antigen/bundles/oh-my-zsh/command-not-found'...
Cloning into '/home/hariprasad/.bashconfig/antigen/bundles/oh-my-zsh/pip'...
Cloning into '/home/hariprasad/.bashconfig/antigen/bundles/plugins/wd'...
remote: Not Found
fatal: repository 'https://github.com/oh-my-zsh/plugins/wd.git/' not found
fatal: could not read Username for 'https://github.com': terminal prompts disabled
fatal: could not read Username for 'https://github.com': terminal prompts disabled
fatal: could not read Username for 'https://github.com': terminal prompts disabled
fatal: could not read Username for 'https://github.com': terminal prompts disabled
Cloning into '/home/hariprasad/.bashconfig/antigen/bundles/oh-my-zsh/heroku'...
fatal: could not read Username for 'https://github.com': terminal prompts disabled
Cloning into '/home/hariprasad/.bashconfig/antigen/bundles/oh-my-zsh/pip'...
fatal: could not read Username for 'https://github.com': terminal prompts disabled
Cloning into '/home/hariprasad/.bashconfig/antigen/bundles/oh-my-zsh/lein'...
fatal: could not read Username for 'https://github.com': terminal prompts disabled
Cloning into '/home/hariprasad/.bashconfig/antigen/bundles/oh-my-zsh/command-not-found'...
fatal: could not read Username for 'https://github.com': terminal prompts disabled
Cloning into '/home/hariprasad/.bashconfig/antigen/bundles/plugins/wd'...
remote: Not Found
fatal: repository 'https://github.com/oh-my-zsh/plugins/wd.git/' not found
Cloning into '/home/hariprasad/.bashconfig/antigen/bundles/oh-my-zsh/heroku'...
Cloning into '/home/hariprasad/.bashconfig/antigen/bundles/oh-my-zsh/pip'...
Cloning into '/home/hariprasad/.bashconfig/antigen/bundles/oh-my-zsh/command-not-found'...
Cloning into '/home/hariprasad/.bashconfig/antigen/bundles/oh-my-zsh/lein'...
Cloning into '/home/hariprasad/.bashconfig/antigen/bundles/plugins/wd'...
remote: Not Found
fatal: repository 'https://github.com/robbyrussell/oh-my-zsh/heroku.git/' not found
remote: Not Found
fatal: repository 'https://github.com/robbyrussell/oh-my-zsh/lein.git/' not found
remote: Not Found
fatal: repository 'https://github.com/robbyrussell/oh-my-zsh/command-not-found.git/' not found
remote: Not Found
fatal: repository 'https://github.com/robbyrussell/oh-my-zsh/pip.git/' not found
remote: Not Found
fatal: repository 'https://github.com/robbyrussell/oh-my-zsh/plugins/wd.git/' not found
Cloning into '/home/hariprasad/.bashconfig/antigen/bundles/oh-my-zsh/heroku'...
remote: Not Found
fatal: repository 'https://github.com/robbyrussell/oh-my-zsh/heroku.git/' not found
Cloning into '/home/hariprasad/.bashconfig/antigen/bundles/oh-my-zsh/pip'...
remote: Not Found
fatal: repository 'https://github.com/robbyrussell/oh-my-zsh/pip.git/' not found
Cloning into '/home/hariprasad/.bashconfig/antigen/bundles/oh-my-zsh/lein'...
remote: Not Found
fatal: repository 'https://github.com/robbyrussell/oh-my-zsh/lein.git/' not found
Cloning into '/home/hariprasad/.bashconfig/antigen/bundles/oh-my-zsh/command-not-found'...
remote: Not Found
fatal: repository 'https://github.com/robbyrussell/oh-my-zsh/command-not-found.git/' not found
Cloning into '/home/hariprasad/.bashconfig/antigen/bundles/plugins/wd'...
remote: Not Found
fatal: repository 'https://github.com/robbyrussell/oh-my-zsh/plugins/wd.git/' not found
Cloning into '/home/hariprasad/.bashconfig/antigen/bundles/oh-my-zsh/heroku'...
Cloning into '/home/hariprasad/.bashconfig/antigen/bundles/oh-my-zsh/lein'...
Cloning into '/home/hariprasad/.bashconfig/antigen/bundles/oh-my-zsh/command-not-found'...
Cloning into '/home/hariprasad/.bashconfig/antigen/bundles/oh-my-zsh/pip'...
Cloning into '/home/hariprasad/.bashconfig/antigen/bundles/plugins/wd'...
remote: Not Found
fatal: repository 'https://github.com/robbyrussell/oh-my-zsh/heroku.git/' not found
remote: Not Found
fatal: repository 'https://github.com/robbyrussell/oh-my-zsh/lein.git/' not found
remote: Not Found
fatal: repository 'https://github.com/robbyrussell/oh-my-zsh/command-not-found.git/' not found
remote: Not Found
fatal: repository 'https://github.com/robbyrussell/oh-my-zsh/pip.git/' not found
remote: Not Found
fatal: repository 'https://github.com/robbyrussell/oh-my-zsh/plugins/wd.git/' not found
Cloning into '/home/hariprasad/.bashconfig/antigen/bundles/oh-my-zsh/heroku'...
remote: Not Found
fatal: repository 'https://github.com/robbyrussell/oh-my-zsh/heroku.git/' not found
Cloning into '/home/hariprasad/.bashconfig/antigen/bundles/oh-my-zsh/pip'...
remote: Not Found
fatal: repository 'https://github.com/robbyrussell/oh-my-zsh/pip.git/' not found
Cloning into '/home/hariprasad/.bashconfig/antigen/bundles/oh-my-zsh/lein'...
remote: Not Found
fatal: repository 'https://github.com/robbyrussell/oh-my-zsh/lein.git/' not found
Cloning into '/home/hariprasad/.bashconfig/antigen/bundles/oh-my-zsh/command-not-found'...
remote: Not Found
fatal: repository 'https://github.com/robbyrussell/oh-my-zsh/command-not-found.git/' not found
Cloning into '/home/hariprasad/.bashconfig/antigen/bundles/plugins/wd'...
remote: Not Found
fatal: repository 'https://github.com/robbyrussell/oh-my-zsh/plugins/wd.git/' not found
