(node:24830) Error Plugin: @cacherapp/cli: files attribute must be specified in /usr/local/lib/node_modules/@cacherapp/cli/package.json
module: @oclif/config@1.13.3
plugin: @cacherapp/cli
root: /usr/local/lib/node_modules/@cacherapp/cli
See more details with DEBUG=*
The command line interface to Cacher.

VERSION
  @cacherapp/cli/1.0.10 linux-x64 node-v10.16.0

USAGE
  $ cacher [COMMAND]

COMMANDS
  help        display help for cacher
  run-server  use to run snippets locally
  setup       configure cacher credentials
  snippets    commands for library snippets

stretchly is already running.
Opening in existing browser session.
stretchly is already running.
(node:19086) Error Plugin: @cacherapp/cli: files attribute must be specified in /usr/local/lib/node_modules/@cacherapp/cli/package.json
module: @oclif/config@1.13.3
plugin: @cacherapp/cli
root: /usr/local/lib/node_modules/@cacherapp/cli
See more details with DEBUG=*
The command line interface to Cacher.

VERSION
  @cacherapp/cli/1.0.10 linux-x64 node-v10.16.0

USAGE
  $ cacher [COMMAND]

COMMANDS
  help        display help for cacher
  run-server  use to run snippets locally
  setup       configure cacher credentials
  snippets    commands for library snippets

[20817:20817:0210/102105.358591:ERROR:sandbox_linux.cc(374)] InitializeSandbox() called with multiple threads in process gpu-process.
[19088:19088:0210/102113.834401:ERROR:bookmark_app_install_finalizer.cc(300)] Installed extension was disabled: 1
[19088:19088:0210/102130.000851:ERROR:bookmark_app_install_finalizer.cc(300)] Installed extension was disabled: 1
[19088:19088:0210/102131.634777:ERROR:bookmark_app_install_finalizer.cc(300)] Installed extension was disabled: 1
[19088:19088:0210/102132.113526:ERROR:bookmark_app_install_finalizer.cc(300)] Installed extension was disabled: 1
[19088:19088:0210/102133.783915:ERROR:bookmark_app_install_finalizer.cc(300)] Installed extension was disabled: 1
[19088:19088:0210/102133.798023:ERROR:bookmark_app_install_finalizer.cc(300)] Installed extension was disabled: 1
[19088:19088:0210/102134.150110:ERROR:bookmark_app_install_finalizer.cc(300)] Installed extension was disabled: 1
[19088:19088:0210/102134.159791:ERROR:bookmark_app_install_finalizer.cc(300)] Installed extension was disabled: 1
[19088:19088:0210/102134.272075:ERROR:bookmark_app_install_finalizer.cc(300)] Installed extension was disabled: 1
[19088:19088:0210/102134.915601:ERROR:bookmark_app_install_finalizer.cc(300)] Installed extension was disabled: 1
[19088:19088:0210/102134.924768:ERROR:bookmark_app_install_finalizer.cc(300)] Installed extension was disabled: 1
[19088:19088:0210/102134.946317:ERROR:bookmark_app_install_finalizer.cc(300)] Installed extension was disabled: 1
[19088:19088:0210/102135.065290:ERROR:bookmark_app_install_finalizer.cc(300)] Installed extension was disabled: 1
[19088:19088:0210/102135.083683:ERROR:bookmark_app_install_finalizer.cc(300)] Installed extension was disabled: 1
[19088:19088:0210/102135.092765:ERROR:bookmark_app_install_finalizer.cc(300)] Installed extension was disabled: 1
[19088:19088:0210/102135.154098:ERROR:bookmark_app_install_finalizer.cc(300)] Installed extension was disabled: 1
[19088:19088:0210/102135.163873:ERROR:bookmark_app_install_finalizer.cc(300)] Installed extension was disabled: 1
[19088:19088:0210/102135.173826:ERROR:bookmark_app_install_finalizer.cc(300)] Installed extension was disabled: 1
[19088:19088:0210/102135.214238:ERROR:bookmark_app_install_finalizer.cc(300)] Installed extension was disabled: 1
[19088:19088:0210/102136.026913:ERROR:bookmark_app_install_finalizer.cc(300)] Installed extension was disabled: 1
[19088:19088:0210/102136.037793:ERROR:bookmark_app_install_finalizer.cc(300)] Installed extension was disabled: 1
[19088:19088:0210/102136.086986:ERROR:bookmark_app_install_finalizer.cc(300)] Installed extension was disabled: 1
[21995:1:0210/102349.811083:ERROR:child_process_sandbox_support_impl_linux.cc(79)] FontService unique font name matching request did not receive a response.
[21995:1:0210/102349.814077:ERROR:child_process_sandbox_support_impl_linux.cc(79)] FontService unique font name matching request did not receive a response.
[21995:1:0210/102349.816544:ERROR:child_process_sandbox_support_impl_linux.cc(79)] FontService unique font name matching request did not receive a response.
[21995:1:0210/102349.817131:ERROR:child_process_sandbox_support_impl_linux.cc(79)] FontService unique font name matching request did not receive a response.
[21995:1:0210/102350.591845:ERROR:child_process_sandbox_support_impl_linux.cc(79)] FontService unique font name matching request did not receive a response.
